<?xml version="1.0" encoding="UTF-8"?>
<!-- Generated by org.testng.reporters.JUnitXMLReporter -->
<testsuite hostname="W7VDIHPQC16WPL" ignored="0" name="Smoke Test" tests="5" failures="0" timestamp="09 Jan 2019 10:42:04 GMT" time="23.313" errors="0">
  <testcase name="testClearCart" time="3.31" classname="com.selenium.ebiz.add_to_cart.VerifyItemAddedToCartFrommPDPPrelogin"/>
  <testcase name="test_searchByProductNumber" time="4.653" classname="com.selenium.ebiz.add_to_cart.VerifyItemAddedToCartFrommPDPPrelogin"/>
  <testcase name="test_AddProductFromPDP" time="5.33" classname="com.selenium.ebiz.add_to_cart.VerifyItemAddedToCartFrommPDPPrelogin"/>
  <testcase name="test_verifyProductOnSCPage" time="2.331" classname="com.selenium.ebiz.add_to_cart.VerifyItemAddedToCartFrommPDPPrelogin"/>
  <testcase name="test_verifyAddressBookSourceCode" time="0.038" classname="com.selenium.ebiz.add_to_cart.VerifyItemAddedToCartFrommPDPPrelogin"/>
</testsuite> <!-- Smoke Test -->
