<?xml version="1.0" encoding="UTF-8"?>
<!-- Generated by org.testng.reporters.JUnitXMLReporter -->
<testsuite hostname="W7VDIHPQC16WPL" ignored="2" name="Default test" tests="1" failures="0" timestamp="07 Nov 2019 07:37:30 GMT" time="6.711" errors="0">
  <testcase name="phantomHeadlessTest" time="6.566" classname="SeleniumFunctionality.headless"/>
  <testcase name="chromeOptionTest" time="0.0" classname="SeleniumFunctionality.headless">
    <ignored/>
  </testcase> <!-- chromeOptionTest -->
  <testcase name="htmlUnitDriverTest" time="0.0" classname="SeleniumFunctionality.headless">
    <ignored/>
  </testcase> <!-- htmlUnitDriverTest -->
</testsuite> <!-- Default test -->
