<?xml version="1.0" encoding="UTF-8"?>
<!-- Generated by org.testng.reporters.JUnitXMLReporter -->
<testsuite hostname="W7VDIHPQC16WPL" ignored="0" name="POOL WATER TEST" tests="16" failures="0" timestamp="20 Sep 2019 07:50:59 GMT" time="399.926" errors="0">
  <testcase name="pwt_VerifyAddToQuoteFromRecommendedProductGuestUser" time="25.137" classname="com.selenium.ebiz.pool_water_testing.CreatePoolWaterTestingPageAndResultsPageGuestUser"/>
  <testcase name="pwt_VerifyCreatePoolWaterTestingPageAndResultsPageForLitersLoggedInUser" time="49.782" classname="com.selenium.ebiz.pool_water_testing.CreatePoolWaterTestingPageAndResultsPageLoggedInUser"/>
  <testcase name="pwt_VerifyNavigateToPDPFromRecommendedProductLoggedInUser" time="76.089" classname="com.selenium.ebiz.pool_water_testing.CreatePoolWaterTestingPageAndResultsPageLoggedInUser"/>
  <testcase name="pwt_VerifyAddToCartFromRecommendedProductLoggedInUser" time="115.048" classname="com.selenium.ebiz.pool_water_testing.CreatePoolWaterTestingPageAndResultsPageLoggedInUser"/>
  <testcase name="pwt_VerifyCreatePoolWaterTestingPageAndResultsPageForLitersGuestUser" time="132.666" classname="com.selenium.ebiz.pool_water_testing.CreatePoolWaterTestingPageAndResultsPageGuestUser"/>
  <testcase name="pwt_VerifyCreatePoolWaterTestingPageAndResultsPageForGallonsLoggedInUser" time="155.08" classname="com.selenium.ebiz.pool_water_testing.CreatePoolWaterTestingPageAndResultsPageLoggedInUser"/>
  <testcase name="pwt_VerifyErrorMessageOnPoolWaterTestLoggedInUser" time="173.98" classname="com.selenium.ebiz.pool_water_testing.CreatePoolWaterTestingPageAndResultsPageLoggedInUser"/>
  <testcase name="pwt_VerifyMandatoryAttributesForGuestUer" time="186.588" classname="com.selenium.ebiz.pool_water_testing.CreatePoolWaterTestingPageAndResultsPageGuestUser"/>
  <testcase name="pwt_VerifyCreatePoolWaterTestingPageAndResultsPageForGallonsGuestUser" time="204.098" classname="com.selenium.ebiz.pool_water_testing.CreatePoolWaterTestingPageAndResultsPageGuestUser"/>
  <testcase name="pwt_VerifyAddToQuoteFromRecommendedProductLoggedInUser" time="254.11" classname="com.selenium.ebiz.pool_water_testing.CreatePoolWaterTestingPageAndResultsPageLoggedInUser"/>
  <testcase name="pwt_VerifyAddToCartFromRecommendedProductGuestUser" time="279.656" classname="com.selenium.ebiz.pool_water_testing.CreatePoolWaterTestingPageAndResultsPageGuestUser"/>
  <testcase name="pwt_VerifyErrorMessageOnPoolWaterTestGuestUser" time="294.566" classname="com.selenium.ebiz.pool_water_testing.CreatePoolWaterTestingPageAndResultsPageGuestUser"/>
  <testcase name="pwt_VerifyAddToListFromRecommendedProductGuestUser" time="337.558" classname="com.selenium.ebiz.pool_water_testing.CreatePoolWaterTestingPageAndResultsPageLoggedInUser"/>
  <testcase name="pwt_VerifyNavigateToPDPFromRecommendedProductGuestUser" time="357.516" classname="com.selenium.ebiz.pool_water_testing.CreatePoolWaterTestingPageAndResultsPageGuestUser"/>
  <testcase name="pwt_VerifyMandatoryAttributesForLoggedInUser" time="377.255" classname="com.selenium.ebiz.pool_water_testing.CreatePoolWaterTestingPageAndResultsPageLoggedInUser"/>
  <testcase name="pwt_VerifyAddToListFromRecommendedProductGuestUser" time="399.148" classname="com.selenium.ebiz.pool_water_testing.CreatePoolWaterTestingPageAndResultsPageGuestUser"/>
</testsuite> <!-- POOL WATER TEST -->
