<?xml version="1.0" encoding="UTF-8"?>
<testng-results skipped="0" failed="0" ignored="0" total="1" passed="1">
  <reporter-output>
  </reporter-output>
  <suite name="Default suite" duration-ms="35284" started-at="2019-11-19T17:23:12Z" finished-at="2019-11-19T17:23:47Z">
    <groups>
    </groups>
    <test name="Default test" duration-ms="35284" started-at="2019-11-19T17:23:12Z" finished-at="2019-11-19T17:23:47Z">
      <class name="udemyApiTest.OAuth2validation">
        <test-method status="PASS" signature="postGooglePlace()[pri:0, instance:udemyApiTest.OAuth2validation@4cf777e8]" name="postGooglePlace" duration-ms="35226" started-at="2019-11-19T22:53:12Z" finished-at="2019-11-19T22:53:47Z">
          <reporter-output>
          </reporter-output>
        </test-method> <!-- postGooglePlace -->
      </class> <!-- udemyApiTest.OAuth2validation -->
    </test> <!-- Default test -->
  </suite> <!-- Default suite -->
</testng-results>
