<?xml version="1.0" encoding="UTF-8"?>
<testng-results skipped="0" failed="0" ignored="2" total="3" passed="1">
  <reporter-output>
  </reporter-output>
  <suite name="Default suite" duration-ms="6711" started-at="2019-11-07T07:37:23Z" finished-at="2019-11-07T07:37:30Z">
    <groups>
    </groups>
    <test name="Default test" duration-ms="6711" started-at="2019-11-07T07:37:23Z" finished-at="2019-11-07T07:37:30Z">
      <class name="SeleniumFunctionality.headless">
        <test-method status="PASS" signature="phantomHeadlessTest()[pri:0, instance:SeleniumFunctionality.headless@3745e5c6]" name="phantomHeadlessTest" duration-ms="6566" started-at="2019-11-07T13:07:23Z" finished-at="2019-11-07T13:07:30Z">
          <reporter-output>
          </reporter-output>
        </test-method> <!-- phantomHeadlessTest -->
      </class> <!-- SeleniumFunctionality.headless -->
    </test> <!-- Default test -->
  </suite> <!-- Default suite -->
</testng-results>
